TN:
SF:src\app.ts
FNF:0
FNH:0
DA:1,1
DA:2,1
DA:3,1
DA:4,1
DA:5,1
DA:6,1
DA:7,1
DA:8,1
DA:9,1
DA:10,1
DA:11,1
DA:12,1
DA:13,1
DA:14,1
DA:15,1
DA:16,1
DA:17,1
DA:18,1
DA:19,1
DA:20,1
DA:21,1
DA:22,1
DA:23,1
DA:24,1
DA:25,1
DA:26,1
LF:26
LH:26
BRF:0
BRH:0
end_of_record
TN:
SF:src\config\database.ts
FNF:0
FNH:0
DA:1,1
DA:2,1
DA:3,1
DA:4,1
DA:5,1
DA:6,1
DA:7,1
DA:8,1
DA:9,1
DA:10,1
DA:11,1
DA:12,1
DA:13,1
DA:14,1
DA:15,1
DA:16,1
LF:16
LH:16
BRDA:6,0,0,0
BRF:1
BRH:0
end_of_record
TN:
SF:src\controllers\authController.ts
FN:5,login
FNF:1
FNH:0
FNDA:0,login
DA:1,1
DA:2,1
DA:3,1
DA:4,1
DA:5,1
DA:6,0
DA:7,0
DA:8,0
DA:9,0
DA:10,0
DA:11,0
DA:12,0
DA:13,0
DA:14,0
DA:15,0
LF:15
LH:5
BRF:0
BRH:0
end_of_record
TN:
SF:src\controllers\cartController.ts
FN:7,getAllCarts
FN:18,getCartById
FN:33,createCart
FN:44,deleteCart
FN:59,updateCart
FNF:5
FNH:5
FNDA:1,getAllCarts
FNDA:1,getCartById
FNDA:1,createCart
FNDA:1,deleteCart
FNDA:1,updateCart
DA:1,1
DA:2,1
DA:3,1
DA:4,1
DA:5,1
DA:6,1
DA:7,1
DA:8,1
DA:9,1
DA:10,1
DA:11,1
DA:12,1
DA:13,0
DA:14,0
DA:15,0
DA:16,1
DA:17,1
DA:18,1
DA:19,1
DA:20,1
DA:21,1
DA:22,0
DA:23,0
DA:24,0
DA:25,1
DA:26,1
DA:27,1
DA:28,0
DA:29,0
DA:30,0
DA:31,1
DA:32,1
DA:33,1
DA:34,1
DA:35,1
DA:36,1
DA:37,1
DA:38,1
DA:39,0
DA:40,0
DA:41,0
DA:42,1
DA:43,1
DA:44,1
DA:45,1
DA:46,1
DA:47,1
DA:48,0
DA:49,0
DA:50,0
DA:51,1
DA:52,1
DA:53,1
DA:54,0
DA:55,0
DA:56,0
DA:57,1
DA:58,1
DA:59,1
DA:60,1
DA:61,1
DA:62,1
DA:63,0
DA:64,0
DA:65,0
DA:66,1
DA:67,1
DA:68,1
DA:69,0
DA:70,0
DA:71,0
DA:72,1
LF:72
LH:48
BRDA:7,0,0,1
BRDA:12,1,0,0
BRDA:18,2,0,1
BRDA:21,3,0,0
BRDA:27,4,0,0
BRDA:33,5,0,1
BRDA:38,6,0,0
BRDA:44,7,0,1
BRDA:47,8,0,0
BRDA:53,9,0,0
BRDA:59,10,0,1
BRDA:62,11,0,0
BRDA:68,12,0,0
BRF:13
BRH:5
end_of_record
TN:
SF:src\controllers\cartItemController.ts
FN:7,getAllCartItems
FN:18,getCartItemById
FN:33,createCartItem
FN:44,deleteCartItem
FN:59,updateCartItemQuantity
FNF:5
FNH:5
FNDA:1,getAllCartItems
FNDA:2,getCartItemById
FNDA:1,createCartItem
FNDA:1,deleteCartItem
FNDA:1,updateCartItemQuantity
DA:1,1
DA:2,1
DA:3,1
DA:4,1
DA:5,1
DA:6,1
DA:7,1
DA:8,1
DA:9,1
DA:10,1
DA:11,1
DA:12,1
DA:13,0
DA:14,0
DA:15,0
DA:16,1
DA:17,1
DA:18,1
DA:19,2
DA:20,2
DA:21,2
DA:22,1
DA:23,1
DA:24,1
DA:25,1
DA:26,1
DA:27,2
DA:28,0
DA:29,0
DA:30,0
DA:31,2
DA:32,1
DA:33,1
DA:34,1
DA:35,1
DA:36,1
DA:37,1
DA:38,1
DA:39,0
DA:40,0
DA:41,0
DA:42,1
DA:43,1
DA:44,1
DA:45,1
DA:46,1
DA:47,1
DA:48,0
DA:49,0
DA:50,0
DA:51,1
DA:52,1
DA:53,1
DA:54,0
DA:55,0
DA:56,0
DA:57,1
DA:58,1
DA:59,1
DA:60,1
DA:61,1
DA:62,1
DA:63,0
DA:64,0
DA:65,0
DA:66,1
DA:67,1
DA:68,1
DA:69,0
DA:70,0
DA:71,0
DA:72,1
LF:72
LH:51
BRDA:7,0,0,1
BRDA:12,1,0,0
BRDA:18,2,0,2
BRDA:21,3,0,1
BRDA:27,4,0,0
BRDA:33,5,0,1
BRDA:38,6,0,0
BRDA:44,7,0,1
BRDA:47,8,0,0
BRDA:53,9,0,0
BRDA:59,10,0,1
BRDA:62,11,0,0
BRDA:68,12,0,0
BRF:13
BRH:6
end_of_record
TN:
SF:src\controllers\categoryController.ts
FN:8,getAllCategories
FN:19,getCategoryById
FN:34,createCategory
FN:45,deleteCategory
FN:60,updateCategory
FNF:5
FNH:5
FNDA:1,getAllCategories
FNDA:1,getCategoryById
FNDA:1,createCategory
FNDA:1,deleteCategory
FNDA:1,updateCategory
DA:1,1
DA:2,1
DA:3,1
DA:4,1
DA:5,1
DA:6,1
DA:7,1
DA:8,1
DA:9,1
DA:10,1
DA:11,1
DA:12,1
DA:13,1
DA:14,0
DA:15,0
DA:16,0
DA:17,1
DA:18,1
DA:19,1
DA:20,1
DA:21,1
DA:22,1
DA:23,0
DA:24,0
DA:25,0
DA:26,1
DA:27,1
DA:28,1
DA:29,0
DA:30,0
DA:31,0
DA:32,1
DA:33,1
DA:34,1
DA:35,1
DA:36,1
DA:37,1
DA:38,1
DA:39,1
DA:40,0
DA:41,0
DA:42,0
DA:43,1
DA:44,1
DA:45,1
DA:46,1
DA:47,1
DA:48,1
DA:49,0
DA:50,0
DA:51,0
DA:52,1
DA:53,1
DA:54,1
DA:55,0
DA:56,0
DA:57,0
DA:58,1
DA:59,1
DA:60,1
DA:61,1
DA:62,1
DA:63,1
DA:64,0
DA:65,0
DA:66,0
DA:67,1
DA:68,1
DA:69,1
DA:70,0
DA:71,0
DA:72,0
DA:73,1
LF:73
LH:49
BRDA:8,0,0,1
BRDA:13,1,0,0
BRDA:19,2,0,1
BRDA:22,3,0,0
BRDA:28,4,0,0
BRDA:34,5,0,1
BRDA:39,6,0,0
BRDA:45,7,0,1
BRDA:48,8,0,0
BRDA:54,9,0,0
BRDA:60,10,0,1
BRDA:63,11,0,0
BRDA:69,12,0,0
BRF:13
BRH:5
end_of_record
TN:
SF:src\controllers\orderController.ts
FN:7,getAllOrders
FN:24,getOrderById
FN:43,createOrder
FN:60,deleteOrder
FN:82,updateOrder
FN:103,updateOrderStatus
FNF:6
FNH:5
FNDA:1,getAllOrders
FNDA:2,getOrderById
FNDA:1,createOrder
FNDA:1,deleteOrder
FNDA:1,updateOrder
FNDA:0,updateOrderStatus
DA:1,1
DA:2,1
DA:3,1
DA:4,1
DA:5,1
DA:6,1
DA:7,1
DA:8,1
DA:9,1
DA:10,1
DA:11,1
DA:12,1
DA:13,1
DA:14,1
DA:15,1
DA:16,1
DA:17,0
DA:18,0
DA:19,0
DA:20,0
DA:21,0
DA:22,1
DA:23,1
DA:24,1
DA:25,2
DA:26,2
DA:27,2
DA:28,2
DA:29,2
DA:30,2
DA:31,2
DA:32,1
DA:33,1
DA:34,1
DA:35,1
DA:36,1
DA:37,2
DA:38,0
DA:39,0
DA:40,0
DA:41,2
DA:42,1
DA:43,1
DA:44,1
DA:45,1
DA:46,1
DA:47,1
DA:48,1
DA:49,1
DA:50,1
DA:51,1
DA:52,1
DA:53,0
DA:54,0
DA:55,0
DA:56,0
DA:57,0
DA:58,1
DA:59,1
DA:60,1
DA:61,1
DA:62,1
DA:63,1
DA:64,1
DA:65,1
DA:66,1
DA:67,1
DA:68,1
DA:69,0
DA:70,0
DA:71,0
DA:72,1
DA:73,1
DA:74,1
DA:75,0
DA:76,0
DA:77,0
DA:78,0
DA:79,0
DA:80,1
DA:81,1
DA:82,1
DA:83,1
DA:84,1
DA:85,1
DA:86,1
DA:87,1
DA:88,1
DA:89,1
DA:90,0
DA:91,0
DA:92,0
DA:93,1
DA:94,1
DA:95,1
DA:96,0
DA:97,0
DA:98,0
DA:99,0
DA:100,0
DA:101,1
DA:102,1
DA:103,1
DA:104,0
DA:105,0
DA:106,0
DA:107,0
DA:108,0
DA:109,0
DA:110,0
DA:111,0
DA:112,0
DA:113,0
DA:114,0
DA:115,0
DA:116,0
DA:117,0
DA:118,0
DA:119,0
DA:120,0
DA:121,0
DA:122,0
DA:123,0
DA:124,0
DA:125,0
LF:125
LH:74
BRDA:7,0,0,1
BRDA:16,1,0,0
BRDA:24,2,0,2
BRDA:31,3,0,1
BRDA:37,4,0,0
BRDA:43,5,0,1
BRDA:52,6,0,0
BRDA:60,7,0,1
BRDA:68,8,0,0
BRDA:74,9,0,0
BRDA:82,10,0,1
BRDA:89,11,0,0
BRDA:95,12,0,0
BRF:13
BRH:6
end_of_record
TN:
SF:src\controllers\orderItemController.ts
FN:7,getAllOrderItems
FN:18,getOrderItemById
FN:33,createOrderItem
FN:44,updateOrderItem
FN:59,updateOrderItemQuantity
FN:75,deleteOrderItem
FNF:6
FNH:5
FNDA:1,getAllOrderItems
FNDA:2,getOrderItemById
FNDA:1,createOrderItem
FNDA:0,updateOrderItem
FNDA:1,updateOrderItemQuantity
FNDA:1,deleteOrderItem
DA:1,1
DA:2,1
DA:3,1
DA:4,1
DA:5,1
DA:6,1
DA:7,1
DA:8,1
DA:9,1
DA:10,1
DA:11,1
DA:12,1
DA:13,0
DA:14,0
DA:15,0
DA:16,1
DA:17,1
DA:18,1
DA:19,2
DA:20,2
DA:21,2
DA:22,1
DA:23,1
DA:24,1
DA:25,1
DA:26,1
DA:27,2
DA:28,0
DA:29,0
DA:30,0
DA:31,2
DA:32,1
DA:33,1
DA:34,1
DA:35,1
DA:36,1
DA:37,1
DA:38,1
DA:39,0
DA:40,0
DA:41,0
DA:42,1
DA:43,1
DA:44,1
DA:45,0
DA:46,0
DA:47,0
DA:48,0
DA:49,0
DA:50,0
DA:51,0
DA:52,0
DA:53,0
DA:54,0
DA:55,0
DA:56,0
DA:57,0
DA:58,1
DA:59,1
DA:60,1
DA:61,1
DA:62,1
DA:63,0
DA:64,0
DA:65,0
DA:66,1
DA:67,1
DA:68,1
DA:69,0
DA:70,0
DA:71,0
DA:72,1
DA:73,1
DA:74,1
DA:75,1
DA:76,1
DA:77,1
DA:78,1
DA:79,0
DA:80,0
DA:81,0
DA:82,1
DA:83,1
DA:84,1
DA:85,0
DA:86,0
DA:87,0
DA:88,1
LF:88
LH:54
BRDA:7,0,0,1
BRDA:12,1,0,0
BRDA:18,2,0,2
BRDA:21,3,0,1
BRDA:27,4,0,0
BRDA:33,5,0,1
BRDA:38,6,0,0
BRDA:59,7,0,1
BRDA:62,8,0,0
BRDA:68,9,0,0
BRDA:75,10,0,1
BRDA:78,11,0,0
BRDA:84,12,0,0
BRF:13
BRH:6
end_of_record
TN:
SF:src\controllers\productController.ts
FN:8,getAllProducts
FN:19,getProductById
FN:34,createProduct
FN:45,updateProduct
FN:60,deleteProduct
FNF:5
FNH:5
FNDA:1,getAllProducts
FNDA:2,getProductById
FNDA:1,createProduct
FNDA:1,updateProduct
FNDA:1,deleteProduct
DA:1,1
DA:2,1
DA:3,1
DA:4,1
DA:5,1
DA:6,1
DA:7,1
DA:8,1
DA:9,1
DA:10,1
DA:11,1
DA:12,1
DA:13,1
DA:14,0
DA:15,0
DA:16,0
DA:17,1
DA:18,1
DA:19,1
DA:20,2
DA:21,2
DA:22,2
DA:23,1
DA:24,1
DA:25,1
DA:26,1
DA:27,1
DA:28,2
DA:29,0
DA:30,0
DA:31,0
DA:32,2
DA:33,1
DA:34,1
DA:35,1
DA:36,1
DA:37,1
DA:38,1
DA:39,1
DA:40,0
DA:41,0
DA:42,0
DA:43,1
DA:44,1
DA:45,1
DA:46,1
DA:47,1
DA:48,1
DA:49,0
DA:50,0
DA:51,0
DA:52,1
DA:53,1
DA:54,1
DA:55,0
DA:56,0
DA:57,0
DA:58,1
DA:59,1
DA:60,1
DA:61,1
DA:62,1
DA:63,1
DA:64,0
DA:65,0
DA:66,0
DA:67,1
DA:68,1
DA:69,1
DA:70,0
DA:71,0
DA:72,0
DA:73,1
LF:73
LH:52
BRDA:8,0,0,1
BRDA:13,1,0,0
BRDA:19,2,0,2
BRDA:22,3,0,1
BRDA:28,4,0,0
BRDA:34,5,0,1
BRDA:39,6,0,0
BRDA:45,7,0,1
BRDA:48,8,0,0
BRDA:54,9,0,0
BRDA:60,10,0,1
BRDA:63,11,0,0
BRDA:69,12,0,0
BRF:13
BRH:6
end_of_record
TN:
SF:src\controllers\userController.ts
FN:9,getAllUsers
FN:24,getUserById
FN:43,createUser
FN:77,updateUser
FN:98,deleteUser
FNF:5
FNH:5
FNDA:1,getAllUsers
FNDA:2,getUserById
FNDA:1,createUser
FNDA:1,updateUser
FNDA:1,deleteUser
DA:1,1
DA:2,1
DA:3,1
DA:4,1
DA:5,1
DA:6,1
DA:7,1
DA:8,1
DA:9,1
DA:10,1
DA:11,1
DA:12,1
DA:13,1
DA:14,1
DA:15,1
DA:16,1
DA:17,1
DA:18,1
DA:19,0
DA:20,0
DA:21,0
DA:22,1
DA:23,1
DA:24,1
DA:25,2
DA:26,2
DA:27,2
DA:28,2
DA:29,2
DA:30,2
DA:31,2
DA:32,1
DA:33,1
DA:34,1
DA:35,1
DA:36,1
DA:37,2
DA:38,0
DA:39,0
DA:40,0
DA:41,2
DA:42,1
DA:43,1
DA:44,1
DA:45,1
DA:46,1
DA:47,1
DA:48,1
DA:49,1
DA:50,1
DA:51,1
DA:52,0
DA:53,0
DA:54,0
DA:55,0
DA:56,0
DA:57,0
DA:58,0
DA:59,0
DA:60,1
DA:61,1
DA:62,1
DA:63,1
DA:64,1
DA:65,1
DA:66,1
DA:67,1
DA:68,1
DA:69,1
DA:70,0
DA:71,0
DA:72,0
DA:73,0
DA:74,0
DA:75,1
DA:76,1
DA:77,1
DA:78,1
DA:79,1
DA:80,1
DA:81,1
DA:82,1
DA:83,1
DA:84,1
DA:85,0
DA:86,0
DA:87,0
DA:88,1
DA:89,1
DA:90,1
DA:91,0
DA:92,0
DA:93,0
DA:94,0
DA:95,0
DA:96,1
DA:97,1
DA:98,1
DA:99,1
DA:100,1
DA:101,1
DA:102,1
DA:103,1
DA:104,1
DA:105,1
DA:106,0
DA:107,0
DA:108,0
DA:109,1
DA:110,1
DA:111,1
DA:112,0
DA:113,0
DA:114,0
DA:115,0
DA:116,0
DA:117,1
LF:117
LH:82
BRDA:9,0,0,1
BRDA:18,1,0,0
BRDA:24,2,0,2
BRDA:31,3,0,1
BRDA:37,4,0,0
BRDA:43,5,0,1
BRDA:51,6,0,0
BRDA:69,7,0,0
BRDA:77,8,0,1
BRDA:84,9,0,0
BRDA:90,10,0,0
BRDA:98,11,0,1
BRDA:105,12,0,0
BRDA:111,13,0,0
BRF:14
BRH:6
end_of_record
TN:
SF:src\errors\AppError.ts
FN:1,<instance_members_initializer>
FN:5,AppError
FNF:2
FNH:2
FNDA:5,<instance_members_initializer>
FNDA:5,AppError
DA:1,5
DA:2,5
DA:3,5
DA:4,5
DA:5,5
DA:6,5
DA:7,5
DA:8,5
DA:9,5
DA:10,5
DA:11,5
DA:12,5
DA:13,5
DA:14,5
LF:14
LH:14
BRDA:1,0,0,5
BRDA:5,1,0,5
BRF:2
BRH:2
end_of_record
TN:
SF:src\errors\errorCodes.ts
FNF:0
FNH:0
DA:1,8
DA:2,8
DA:3,8
DA:4,8
DA:5,8
DA:6,8
DA:7,8
DA:8,8
LF:8
LH:8
BRDA:1,0,0,8
BRF:1
BRH:1
end_of_record
TN:
SF:src\errors\errorHandler.ts
FN:4,errorHandler
FNF:1
FNH:1
FNDA:5,errorHandler
DA:1,1
DA:2,1
DA:3,1
DA:4,1
DA:5,5
DA:6,5
DA:7,5
DA:8,5
DA:9,5
DA:10,5
DA:11,5
DA:12,5
DA:13,5
DA:14,5
DA:15,5
LF:15
LH:15
BRDA:4,0,0,5
BRDA:5,1,0,0
BRDA:6,2,0,0
BRF:3
BRH:1
end_of_record
TN:
SF:src\middlewares\validateMiddleware.ts
FN:6,validate
FNF:1
FNH:1
FNDA:98,validate
DA:1,1
DA:2,1
DA:3,1
DA:4,1
DA:5,1
DA:6,1
DA:7,12
DA:8,12
DA:9,12
DA:10,12
DA:11,0
DA:12,0
DA:13,12
LF:13
LH:11
BRDA:6,0,0,98
BRDA:6,1,0,12
BRDA:10,2,0,0
BRF:3
BRH:2
end_of_record
TN:
SF:src\routes\authRoutes.ts
FNF:0
FNH:0
DA:1,1
DA:2,1
DA:3,1
DA:4,1
DA:5,1
DA:6,1
DA:7,1
DA:8,1
DA:9,1
DA:10,1
DA:11,1
DA:12,1
LF:12
LH:12
BRF:0
BRH:0
end_of_record
TN:
SF:src\routes\cartItemRoutes.ts
FNF:0
FNH:0
DA:1,1
DA:2,1
DA:3,1
DA:4,1
DA:5,1
DA:6,1
DA:7,1
DA:8,1
DA:9,1
DA:10,1
DA:11,1
DA:12,1
DA:13,1
DA:14,1
LF:14
LH:14
BRF:0
BRH:0
end_of_record
TN:
SF:src\routes\cartRoutes.ts
FNF:0
FNH:0
DA:1,1
DA:2,1
DA:3,1
DA:4,1
DA:5,1
DA:6,1
DA:7,1
DA:8,1
DA:9,1
DA:10,1
DA:11,1
DA:12,1
DA:13,1
DA:14,1
LF:14
LH:14
BRF:0
BRH:0
end_of_record
TN:
SF:src\routes\categoryRoutes.ts
FNF:0
FNH:0
DA:1,1
DA:2,1
DA:3,1
DA:4,1
DA:5,1
DA:6,1
DA:7,1
DA:8,1
DA:9,1
DA:10,1
DA:11,1
DA:12,1
DA:13,1
DA:14,1
DA:15,1
DA:16,1
DA:17,1
DA:18,1
DA:19,1
DA:20,1
LF:20
LH:20
BRF:0
BRH:0
end_of_record
TN:
SF:src\routes\orderItemRoutes.ts
FNF:0
FNH:0
DA:1,1
DA:2,1
DA:3,1
DA:4,1
DA:5,1
DA:6,1
DA:7,1
DA:8,1
DA:9,1
DA:10,1
DA:11,1
DA:12,1
DA:13,1
DA:14,1
DA:15,1
DA:16,1
LF:16
LH:16
BRF:0
BRH:0
end_of_record
TN:
SF:src\routes\orderRoutes.ts
FNF:0
FNH:0
DA:1,1
DA:2,1
DA:3,1
DA:4,1
DA:5,1
DA:6,1
DA:7,1
DA:8,1
DA:9,1
DA:10,1
DA:11,1
DA:12,1
DA:13,1
DA:14,1
DA:15,1
DA:16,1
DA:17,1
DA:18,1
DA:19,1
DA:20,1
DA:21,1
DA:22,1
LF:22
LH:22
BRF:0
BRH:0
end_of_record
TN:
SF:src\routes\productRoutes.ts
FNF:0
FNH:0
DA:1,1
DA:2,1
DA:3,1
DA:4,1
DA:5,1
DA:6,1
DA:7,1
DA:8,1
DA:9,1
DA:10,1
DA:11,1
DA:12,1
DA:13,1
DA:14,1
DA:15,1
DA:16,1
DA:17,1
DA:18,1
DA:19,1
DA:20,1
LF:20
LH:20
BRF:0
BRH:0
end_of_record
TN:
SF:src\routes\useRoutes.ts
FNF:0
FNH:0
DA:1,1
DA:2,1
DA:3,1
DA:4,1
DA:5,1
DA:6,1
DA:7,1
DA:8,1
DA:9,1
DA:10,1
DA:11,1
DA:12,1
DA:13,1
DA:14,1
LF:14
LH:14
BRF:0
BRH:0
end_of_record
TN:
SF:src\services\authService.ts
FN:7,login
FNF:1
FNH:0
FNDA:0,login
DA:1,1
DA:2,1
DA:3,1
DA:4,1
DA:5,1
DA:6,1
DA:7,1
DA:8,0
DA:9,0
DA:10,0
DA:11,0
DA:12,0
DA:13,0
DA:14,0
DA:15,0
DA:16,0
DA:17,0
DA:18,0
DA:19,0
DA:20,0
DA:21,0
DA:22,0
DA:23,0
DA:24,0
DA:25,0
DA:26,0
DA:27,0
DA:28,0
LF:28
LH:7
BRF:0
BRH:0
end_of_record
TN:
SF:src\services\cartItemService.ts
FN:5,getProductPrice
FN:14,updateCartPrice
FN:34,getAllCartItems
FN:38,getCartItemById
FN:48,createCartItem
FN:65,deleteCartItem
FN:75,updateCartItemQuantity
FNF:7
FNH:7
FNDA:7,getProductPrice
FNDA:11,updateCartPrice
FNDA:2,getAllCartItems
FNDA:4,getCartItemById
FNDA:7,createCartItem
FNDA:2,deleteCartItem
FNDA:3,updateCartItemQuantity
DA:1,1
DA:2,1
DA:3,1
DA:4,1
DA:5,1
DA:6,7
DA:7,7
DA:8,7
DA:9,7
DA:10,7
DA:11,7
DA:12,7
DA:13,1
DA:14,1
DA:15,11
DA:16,11
DA:17,11
DA:18,11
DA:19,11
DA:20,11
DA:21,11
DA:22,11
DA:23,11
DA:24,11
DA:25,11
DA:26,11
DA:27,11
DA:28,11
DA:29,11
DA:30,11
DA:31,11
DA:32,11
DA:33,1
DA:34,1
DA:35,2
DA:36,2
DA:37,1
DA:38,1
DA:39,4
DA:40,4
DA:41,4
DA:42,4
DA:43,4
DA:44,4
DA:45,4
DA:46,4
DA:47,1
DA:48,1
DA:49,7
DA:50,7
DA:51,7
DA:52,7
DA:53,7
DA:54,7
DA:55,7
DA:56,7
DA:57,7
DA:58,7
DA:59,7
DA:60,7
DA:61,7
DA:62,7
DA:63,7
DA:64,1
DA:65,1
DA:66,2
DA:67,2
DA:68,2
DA:69,2
DA:70,2
DA:71,2
DA:72,2
DA:73,2
DA:74,1
DA:75,1
DA:76,3
DA:77,3
DA:78,3
DA:79,3
DA:80,3
DA:81,3
DA:82,3
DA:83,3
DA:84,3
DA:85,1
DA:86,1
DA:87,3
DA:88,3
DA:89,3
DA:90,3
DA:91,3
DA:92,3
DA:93,3
DA:94,3
DA:95,3
DA:96,3
DA:97,3
DA:98,2
DA:99,2
DA:100,2
LF:100
LH:100
BRDA:5,0,0,7
BRDA:11,1,0,0
BRDA:14,2,0,11
BRDA:21,3,0,10
BRDA:21,4,0,0
BRDA:34,5,0,2
BRDA:38,6,0,4
BRDA:48,7,0,7
BRDA:65,8,0,2
BRDA:75,9,0,3
BRDA:84,10,0,2
BRDA:84,11,0,1
BRDA:87,12,0,1
BRDA:98,13,0,2
BRF:14
BRH:12
end_of_record
TN:
SF:src\services\cartService.ts
FN:5,updateCartPrice
FN:24,getAllCarts
FN:28,getCartById
FN:36,createCart
FN:48,deleteCart
FN:57,updateCart
FNF:6
FNH:6
FNDA:7,updateCartPrice
FNDA:2,getAllCarts
FNDA:3,getCartById
FNDA:6,createCart
FNDA:2,deleteCart
FNDA:1,updateCart
DA:1,1
DA:2,1
DA:3,1
DA:4,1
DA:5,1
DA:6,7
DA:7,7
DA:8,7
DA:9,7
DA:10,7
DA:11,7
DA:12,0
DA:13,7
DA:14,7
DA:15,7
DA:16,7
DA:17,7
DA:18,7
DA:19,7
DA:20,7
DA:21,7
DA:22,7
DA:23,1
DA:24,1
DA:25,2
DA:26,2
DA:27,1
DA:28,1
DA:29,3
DA:30,3
DA:31,3
DA:32,3
DA:33,3
DA:34,3
DA:35,1
DA:36,1
DA:37,6
DA:38,6
DA:39,6
DA:40,6
DA:41,6
DA:42,6
DA:43,6
DA:44,6
DA:45,6
DA:46,6
DA:47,1
DA:48,1
DA:49,2
DA:50,2
DA:51,2
DA:52,2
DA:53,2
DA:54,2
DA:55,2
DA:56,1
DA:57,1
DA:58,1
DA:59,1
DA:60,1
DA:61,1
DA:62,1
DA:63,1
DA:64,1
DA:65,1
DA:66,1
DA:67,1
DA:68,1
DA:69,1
LF:69
LH:68
BRDA:5,0,0,7
BRDA:24,1,0,2
BRDA:28,2,0,3
BRDA:36,3,0,6
BRDA:48,4,0,2
BRDA:57,5,0,1
BRF:6
BRH:6
end_of_record
TN:
SF:src\services\categoryService.ts
FN:5,getAllCategories
FN:9,getCategoryById
FN:19,createCategory
FN:31,deleteCategory
FN:39,updateCategory
FNF:5
FNH:5
FNDA:2,getAllCategories
FNDA:3,getCategoryById
FNDA:7,createCategory
FNDA:2,deleteCategory
FNDA:2,updateCategory
DA:1,1
DA:2,1
DA:3,1
DA:4,1
DA:5,1
DA:6,2
DA:7,2
DA:8,1
DA:9,1
DA:10,3
DA:11,3
DA:12,3
DA:13,3
DA:14,3
DA:15,3
DA:16,3
DA:17,3
DA:18,1
DA:19,1
DA:20,7
DA:21,7
DA:22,7
DA:23,7
DA:24,7
DA:25,7
DA:26,7
DA:27,7
DA:28,7
DA:29,7
DA:30,1
DA:31,1
DA:32,2
DA:33,2
DA:34,2
DA:35,2
DA:36,2
DA:37,2
DA:38,1
DA:39,1
DA:40,2
DA:41,2
DA:42,2
DA:43,2
DA:44,2
DA:45,2
DA:46,2
DA:47,2
DA:48,2
DA:49,2
LF:49
LH:49
BRDA:5,0,0,2
BRDA:9,1,0,3
BRDA:19,2,0,7
BRDA:31,3,0,2
BRDA:39,4,0,2
BRF:5
BRH:5
end_of_record
TN:
SF:src\services\orderItemService.ts
FN:5,getProductPrice
FN:14,updateOrderPrice
FN:37,getAllOrderItems
FN:41,getOrderItemById
FN:51,createOrderItem
FN:69,updateOrderItem
FN:83,updateOrderItemQuantity
FN:105,deleteOrderItem
FNF:8
FNH:8
FNDA:7,getProductPrice
FNDA:11,updateOrderPrice
FNDA:2,getAllOrderItems
FNDA:5,getOrderItemById
FNDA:7,createOrderItem
FNDA:1,updateOrderItem
FNDA:1,updateOrderItemQuantity
FNDA:2,deleteOrderItem
DA:1,1
DA:2,1
DA:3,1
DA:4,1
DA:5,1
DA:6,7
DA:7,7
DA:8,7
DA:9,7
DA:10,7
DA:11,7
DA:12,7
DA:13,1
DA:14,1
DA:15,11
DA:16,11
DA:17,11
DA:18,11
DA:19,11
DA:20,11
DA:21,11
DA:22,11
DA:23,11
DA:24,11
DA:25,11
DA:26,11
DA:27,11
DA:28,11
DA:29,11
DA:30,11
DA:31,11
DA:32,11
DA:33,11
DA:34,11
DA:35,1
DA:36,1
DA:37,1
DA:38,2
DA:39,2
DA:40,1
DA:41,1
DA:42,5
DA:43,5
DA:44,5
DA:45,5
DA:46,5
DA:47,5
DA:48,5
DA:49,5
DA:50,1
DA:51,1
DA:52,7
DA:53,7
DA:54,7
DA:55,7
DA:56,7
DA:57,7
DA:58,7
DA:59,7
DA:60,7
DA:61,7
DA:62,7
DA:63,7
DA:64,7
DA:65,7
DA:66,7
DA:67,7
DA:68,1
DA:69,1
DA:70,1
DA:71,1
DA:72,1
DA:73,1
DA:74,1
DA:75,1
DA:76,1
DA:77,1
DA:78,1
DA:79,1
DA:80,1
DA:81,1
DA:82,1
DA:83,1
DA:84,1
DA:85,1
DA:86,1
DA:87,1
DA:88,1
DA:89,0
DA:90,0
DA:91,1
DA:92,1
DA:93,1
DA:94,1
DA:95,1
DA:96,1
DA:97,1
DA:98,1
DA:99,1
DA:100,1
DA:101,1
DA:102,1
DA:103,1
DA:104,1
DA:105,1
DA:106,2
DA:107,2
DA:108,2
DA:109,2
DA:110,2
DA:111,2
DA:112,2
DA:113,2
DA:114,2
DA:115,2
LF:115
LH:113
BRDA:5,0,0,7
BRDA:11,1,0,0
BRDA:14,2,0,11
BRDA:21,3,0,10
BRDA:21,4,0,0
BRDA:37,5,0,2
BRDA:41,6,0,5
BRDA:51,7,0,7
BRDA:69,8,0,1
BRDA:83,9,0,1
BRDA:88,10,0,0
BRDA:105,11,0,2
BRF:12
BRH:9
end_of_record
TN:
SF:src\services\orderService.ts
FN:5,getAllOrders
FN:9,getOrderById
FN:17,createOrder
FN:27,deleteOrder
FN:35,updateOrder
FN:47,updateOrderStatus
FN:61,addProductToOrder
FNF:7
FNH:6
FNDA:2,getAllOrders
FNDA:3,getOrderById
FNDA:7,createOrder
FNDA:2,deleteOrder
FNDA:1,updateOrder
FNDA:1,updateOrderStatus
FNDA:0,addProductToOrder
DA:1,1
DA:2,1
DA:3,1
DA:4,1
DA:5,1
DA:6,2
DA:7,2
DA:8,1
DA:9,1
DA:10,3
DA:11,3
DA:12,3
DA:13,3
DA:14,3
DA:15,3
DA:16,1
DA:17,1
DA:18,7
DA:19,7
DA:20,7
DA:21,7
DA:22,7
DA:23,7
DA:24,7
DA:25,7
DA:26,1
DA:27,1
DA:28,2
DA:29,2
DA:30,2
DA:31,2
DA:32,2
DA:33,2
DA:34,1
DA:35,1
DA:36,1
DA:37,1
DA:38,1
DA:39,1
DA:40,1
DA:41,1
DA:42,1
DA:43,1
DA:44,1
DA:45,1
DA:46,1
DA:47,1
DA:48,1
DA:49,1
DA:50,1
DA:51,1
DA:52,1
DA:53,1
DA:54,1
DA:55,1
DA:56,1
DA:57,1
DA:58,1
DA:59,1
DA:60,1
DA:61,1
DA:62,0
DA:63,0
DA:64,0
DA:65,0
DA:66,0
DA:67,0
DA:68,0
DA:69,0
DA:70,0
DA:71,0
DA:72,0
DA:73,0
DA:74,0
DA:75,0
DA:76,0
DA:77,0
LF:77
LH:61
BRDA:5,0,0,2
BRDA:9,1,0,3
BRDA:17,2,0,7
BRDA:27,3,0,2
BRDA:35,4,0,1
BRDA:47,5,0,1
BRF:6
BRH:6
end_of_record
TN:
SF:src\services\productService.ts
FN:9,updateCartItemAndOrderItemPrice
FN:45,getAllProducts
FN:49,getProductById
FN:57,createProduct
FN:77,deleteProduct
FN:85,updateProduct
FNF:6
FNH:6
FNDA:2,updateCartItemAndOrderItemPrice
FNDA:2,getAllProducts
FNDA:4,getProductById
FNDA:7,createProduct
FNDA:2,deleteProduct
FNDA:2,updateProduct
DA:1,1
DA:2,1
DA:3,1
DA:4,1
DA:5,1
DA:6,1
DA:7,1
DA:8,1
DA:9,1
DA:10,2
DA:11,2
DA:12,2
DA:13,2
DA:14,2
DA:15,2
DA:16,0
DA:17,0
DA:18,0
DA:19,0
DA:20,0
DA:21,0
DA:22,0
DA:23,0
DA:24,0
DA:25,0
DA:26,2
DA:27,2
DA:28,2
DA:29,2
DA:30,2
DA:31,2
DA:32,0
DA:33,0
DA:34,0
DA:35,0
DA:36,0
DA:37,0
DA:38,0
DA:39,0
DA:40,0
DA:41,0
DA:42,2
DA:43,1
DA:44,1
DA:45,1
DA:46,2
DA:47,2
DA:48,1
DA:49,1
DA:50,4
DA:51,4
DA:52,4
DA:53,4
DA:54,4
DA:55,4
DA:56,1
DA:57,1
DA:58,7
DA:59,7
DA:60,7
DA:61,7
DA:62,7
DA:63,7
DA:64,7
DA:65,0
DA:66,0
DA:67,7
DA:68,7
DA:69,7
DA:70,7
DA:71,7
DA:72,7
DA:73,7
DA:74,7
DA:75,7
DA:76,1
DA:77,1
DA:78,2
DA:79,2
DA:80,2
DA:81,2
DA:82,2
DA:83,2
DA:84,1
DA:85,1
DA:86,2
DA:87,2
DA:88,2
DA:89,2
DA:90,2
DA:91,2
DA:92,2
DA:93,2
DA:94,2
DA:95,2
DA:96,2
DA:97,2
DA:98,2
DA:99,2
LF:99
LH:77
BRDA:9,0,0,2
BRDA:15,1,0,0
BRDA:31,2,0,0
BRDA:45,3,0,2
BRDA:49,4,0,4
BRDA:57,5,0,7
BRDA:64,6,0,0
BRDA:77,7,0,2
BRDA:85,8,0,2
BRF:9
BRH:6
end_of_record
TN:
SF:src\services\userService.ts
FN:7,getAllUsers
FN:11,getUserById
FN:19,createUser
FN:30,updateUser
FN:39,deleteUser
FNF:5
FNH:5
FNDA:2,getAllUsers
FNDA:4,getUserById
FNDA:7,createUser
FNDA:2,updateUser
FNDA:2,deleteUser
DA:1,1
DA:2,1
DA:3,1
DA:4,1
DA:5,1
DA:6,1
DA:7,1
DA:8,2
DA:9,2
DA:10,1
DA:11,1
DA:12,4
DA:13,4
DA:14,4
DA:15,4
DA:16,4
DA:17,4
DA:18,1
DA:19,1
DA:20,7
DA:21,7
DA:22,7
DA:23,7
DA:24,7
DA:25,7
DA:26,7
DA:27,7
DA:28,7
DA:29,1
DA:30,1
DA:31,2
DA:32,2
DA:33,2
DA:34,2
DA:35,2
DA:36,2
DA:37,2
DA:38,1
DA:39,1
DA:40,2
DA:41,2
DA:42,2
DA:43,2
DA:44,2
DA:45,2
LF:45
LH:45
BRDA:7,0,0,2
BRDA:11,1,0,4
BRDA:19,2,0,7
BRDA:30,3,0,2
BRDA:39,4,0,2
BRF:5
BRH:5
end_of_record
TN:
SF:src\utils\logger.ts
FNF:0
FNH:0
DA:1,1
DA:2,1
DA:3,1
DA:4,1
DA:5,1
DA:6,1
DA:7,1
DA:8,1
DA:9,35
DA:10,35
DA:11,1
DA:12,1
DA:13,1
DA:14,1
DA:15,1
DA:16,1
DA:17,1
DA:18,1
DA:19,1
DA:20,1
DA:21,1
DA:22,1
DA:23,1
DA:24,1
DA:25,1
DA:26,1
LF:26
LH:26
BRDA:15,0,0,0
BRDA:8,1,0,35
BRF:2
BRH:1
end_of_record
TN:
SF:src\validators\cartItemValidator.ts
FNF:0
FNH:0
DA:1,1
DA:2,1
DA:3,1
DA:4,1
DA:5,1
DA:6,1
DA:7,1
LF:7
LH:7
BRF:0
BRH:0
end_of_record
TN:
SF:src\validators\cartValidator.ts
FNF:0
FNH:0
DA:1,1
DA:2,1
DA:3,1
DA:4,1
DA:5,1
LF:5
LH:5
BRF:0
BRH:0
end_of_record
TN:
SF:src\validators\categoryValidator.ts
FNF:0
FNH:0
DA:1,1
DA:2,1
DA:3,1
DA:4,1
DA:5,1
LF:5
LH:5
BRF:0
BRH:0
end_of_record
TN:
SF:src\validators\orderItemValidator.ts
FNF:0
FNH:0
DA:1,1
DA:2,1
DA:3,1
DA:4,1
DA:5,1
DA:6,1
DA:7,1
LF:7
LH:7
BRF:0
BRH:0
end_of_record
TN:
SF:src\validators\orderValidator.ts
FNF:0
FNH:0
DA:1,1
DA:2,1
DA:3,1
DA:4,1
DA:5,1
LF:5
LH:5
BRF:0
BRH:0
end_of_record
TN:
SF:src\validators\productValidator.ts
FNF:0
FNH:0
DA:1,1
DA:2,1
DA:3,1
DA:4,1
DA:5,1
DA:6,1
DA:7,1
LF:7
LH:7
BRF:0
BRH:0
end_of_record
TN:
SF:src\validators\userValidator.ts
FNF:0
FNH:0
DA:1,1
DA:2,1
DA:3,1
DA:4,1
DA:5,1
DA:6,1
DA:7,1
DA:8,1
LF:8
LH:8
BRF:0
BRH:0
end_of_record
